<?xml version="1.0" encoding="UTF-8"?>
<!-- Generated by org.testng.reporters.JUnitReportReporter -->
<testsuite hostname="DESKTOP-UG42IG5" failures="0" tests="1" name="testcases.TC06_ContactUsCheck" time="17.870" errors="0" timestamp="2025-06-20T17:12:45 IST" skipped="0">
  <testcase classname="testcases.TC06_ContactUsCheck" name="landingPageValidation" time="17.870"/>
</testsuite> <!-- testcases.TC06_ContactUsCheck -->
