<?xml version="1.0" encoding="UTF-8"?>
<!-- Generated by org.testng.reporters.JUnitReportReporter -->
<testsuite hostname="DESKTOP-UG42IG5" failures="0" tests="1" name="testcases.TC04_Emi_Check" time="40.466" errors="0" timestamp="2025-06-20T12:27:05 IST" skipped="0">
  <testcase classname="testcases.TC04_Emi_Check" name="landingPageValidation" time="40.466"/>
</testsuite> <!-- testcases.TC04_Emi_Check -->
